<?xml version="1.0" encoding="UTF-8"?>
<!-- Generated by org.testng.reporters.JUnitXMLReporter -->
<testsuite hostname="LAPTOP-FEM2N9O3" ignored="0" name="Test" tests="1" failures="1" timestamp="05 Mar 2020 05:50:40 GMT" time="12.411" errors="0">
  <testcase name="searchingTest" time="0.006" classname="Tests.SmokeTest">
    <failure type="java.lang.NullPointerException">
      <![CDATA[java.lang.NullPointerException
at Tests.SmokeTest.searchingTest(SmokeTest.java:19)
... Removed 25 stack frames]]>
    </failure>
  </testcase> <!-- searchingTest -->
</testsuite> <!-- Test -->
