<?xml version="1.0" encoding="UTF-8"?>
<testng-results skipped="0" failed="0" ignored="0" total="1" passed="1">
  <reporter-output>
  </reporter-output>
  <suite name="Default suite" duration-ms="17943" started-at="2020-03-13T23:40:35Z" finished-at="2020-03-13T23:40:53Z">
    <groups>
    </groups>
    <test name="Default test" duration-ms="17943" started-at="2020-03-13T23:40:35Z" finished-at="2020-03-13T23:40:53Z">
      <class name="Tests.SmokeTest">
        <test-method status="PASS" signature="beforeClass(java.lang.String)[pri:0, instance:Tests.SmokeTest@56ac3a89]" name="beforeClass" is-config="true" duration-ms="331" started-at="2020-03-13T23:40:35Z" finished-at="2020-03-13T23:40:36Z">
          <params>
            <param index="0">
              <value>
                <![CDATA[chrome]]>
              </value>
            </param>
          </params>
          <reporter-output>
          </reporter-output>
        </test-method> <!-- beforeClass -->
        <test-method status="PASS" signature="beforeAllMethod()[pri:0, instance:Tests.SmokeTest@56ac3a89]" name="beforeAllMethod" is-config="true" duration-ms="13150" started-at="2020-03-13T23:40:36Z" finished-at="2020-03-13T23:40:49Z">
          <reporter-output>
          </reporter-output>
        </test-method> <!-- beforeAllMethod -->
        <test-method status="PASS" signature="searchingTest()[pri:0, instance:Tests.SmokeTest@56ac3a89]" name="searchingTest" duration-ms="2717" started-at="2020-03-13T23:40:49Z" finished-at="2020-03-13T23:40:51Z">
          <reporter-output>
          </reporter-output>
        </test-method> <!-- searchingTest -->
        <test-method status="PASS" signature="afterAllMethodDone(org.testng.ITestResult)[pri:0, instance:Tests.SmokeTest@56ac3a89]" name="afterAllMethodDone" is-config="true" duration-ms="5" started-at="2020-03-13T23:40:51Z" finished-at="2020-03-13T23:40:51Z">
          <params>
            <param index="0">
              <value>
                <![CDATA[[TestResult name=searchingTest status=SUCCESS method=SmokeTest.searchingTest()[pri:0, instance:Tests.SmokeTest@56ac3a89] output={null}]]]>
              </value>
            </param>
          </params>
          <reporter-output>
          </reporter-output>
        </test-method> <!-- afterAllMethodDone -->
        <test-method status="PASS" signature="afterAllTestCompleted()[pri:0, instance:Tests.SmokeTest@56ac3a89]" name="afterAllTestCompleted" is-config="true" duration-ms="1717" started-at="2020-03-13T23:40:51Z" finished-at="2020-03-13T23:40:53Z">
          <reporter-output>
          </reporter-output>
        </test-method> <!-- afterAllTestCompleted -->
      </class> <!-- Tests.SmokeTest -->
    </test> <!-- Default test -->
  </suite> <!-- Default suite -->
</testng-results>
